# JRE version: Java(TM) SE Runtime Environment (8.0_51-b16) (build 1.8.0_51-b16)
# Java VM: Java HotSpot(TM) 64-Bit Server VM (25.51-b03 mixed mode windows-amd64 compressed oops)
Heap:
 PSYoungGen      total 1132544K, used 926861K [0x000000076ab00000, 0x00000007c0000000, 0x00000007c0000000)
  eden space 1056768K, 80% used [0x000000076ab00000,0x000000079ea29400,0x00000007ab300000)
  from space 75776K, 99% used [0x00000007bb600000,0x00000007bfffa340,0x00000007c0000000)
  to   space 170496K, 0% used [0x00000007ab300000,0x00000007ab300000,0x00000007b5980000)
 ParOldGen       total 2477056K, used 2124018K [0x00000006c0000000, 0x0000000757300000, 0x000000076ab00000)
  object space 2477056K, 85% used [0x00000006c0000000,0x0000000741a3c9a0,0x0000000757300000)
 Metaspace       used 156027K, capacity 177997K, committed 178176K, reserved 1198080K
  class space    used 23817K, capacity 29049K, committed 29184K, reserved 1048576K
GC Heap History (10 events):
Event: 390.233 GC heap before
{Heap before GC invocations=250 (full 8):
 PSYoungGen      total 1307136K, used 1257232K [0x000000076ab00000, 0x00000007bff00000, 0x00000007c0000000)
  eden space 1230336K, 100% used [0x000000076ab00000,0x00000007b5c80000,0x00000007b5c80000)
  from space 76800K, 35% used [0x00000007b5c80000,0x00000007b76c4108,0x00000007ba780000)
  to   space 75776K, 0% used [0x00000007bb500000,0x00000007bb500000,0x00000007bff00000)
 ParOldGen       total 2477056K, used 1898251K [0x00000006c0000000, 0x0000000757300000, 0x000000076ab00000)
  object space 2477056K, 76% used [0x00000006c0000000,0x0000000733dc2f08,0x0000000757300000)
 Metaspace       used 155967K, capacity 177937K, committed 178176K, reserved 1198080K
  class space    used 23815K, capacity 29047K, committed 29184K, reserved 1048576K
Event: 390.244 GC heap after
Heap after GC invocations=250 (full 8):
 PSYoungGen      total 1316864K, used 26432K [0x000000076ab00000, 0x00000007bfb80000, 0x00000007c0000000)
  eden space 1244672K, 0% used [0x000000076ab00000,0x000000076ab00000,0x00000007b6a80000)
  from space 72192K, 36% used [0x00000007bb500000,0x00000007bced0138,0x00000007bfb80000)
  to   space 74240K, 0% used [0x00000007b6a80000,0x00000007b6a80000,0x00000007bb300000)
 ParOldGen       total 2477056K, used 1898940K [0x00000006c0000000, 0x0000000757300000, 0x000000076ab00000)
  object space 2477056K, 76% used [0x00000006c0000000,0x0000000733e6f2c8,0x0000000757300000)
 Metaspace       used 155967K, capacity 177937K, committed 178176K, reserved 1198080K
  class space    used 23815K, capacity 29047K, committed 29184K, reserved 1048576K
}
Event: 394.695 GC heap before
{Heap before GC invocations=251 (full 8):
 PSYoungGen      total 1316864K, used 1271104K [0x000000076ab00000, 0x00000007bfb80000, 0x00000007c0000000)
  eden space 1244672K, 100% used [0x000000076ab00000,0x00000007b6a80000,0x00000007b6a80000)
  from space 72192K, 36% used [0x00000007bb500000,0x00000007bced0138,0x00000007bfb80000)
  to   space 74240K, 0% used [0x00000007b6a80000,0x00000007b6a80000,0x00000007bb300000)
 ParOldGen       total 2477056K, used 1898940K [0x00000006c0000000, 0x0000000757300000, 0x000000076ab00000)
  object space 2477056K, 76% used [0x00000006c0000000,0x0000000733e6f2c8,0x0000000757300000)
 Metaspace       used 155973K, capacity 177937K, committed 178176K, reserved 1198080K
  class space    used 23815K, capacity 29047K, committed 29184K, reserved 1048576K
Event: 394.707 GC heap after
Heap after GC invocations=251 (full 8):
 PSYoungGen      total 1318912K, used 26032K [0x000000076ab00000, 0x00000007bff00000, 0x00000007c0000000)
  eden space 1244672K, 0% used [0x000000076ab00000,0x000000076ab00000,0x00000007b6a80000)
  from space 74240K, 35% used [0x00000007b6a80000,0x00000007b83ec120,0x00000007bb300000)
  to   space 72704K, 0% used [0x00000007bb800000,0x00000007bb800000,0x00000007bff00000)
 ParOldGen       total 2477056K, used 1899452K [0x00000006c0000000, 0x0000000757300000, 0x000000076ab00000)
  object space 2477056K, 76% used [0x00000006c0000000,0x0000000733eef370,0x0000000757300000)
 Metaspace       used 155973K, capacity 177937K, committed 178176K, reserved 1198080K
  class space    used 23815K, capacity 29047K, committed 29184K, reserved 1048576K
}
Event: 399.193 GC heap before
{Heap before GC invocations=252 (full 8):
 PSYoungGen      total 1318912K, used 1270704K [0x000000076ab00000, 0x00000007bff00000, 0x00000007c0000000)
  eden space 1244672K, 100% used [0x000000076ab00000,0x00000007b6a80000,0x00000007b6a80000)
  from space 74240K, 35% used [0x00000007b6a80000,0x00000007b83ec120,0x00000007bb300000)
  to   space 72704K, 0% used [0x00000007bb800000,0x00000007bb800000,0x00000007bff00000)
 ParOldGen       total 2477056K, used 1899452K [0x00000006c0000000, 0x0000000757300000, 0x000000076ab00000)
  object space 2477056K, 76% used [0x00000006c0000000,0x0000000733eef370,0x0000000757300000)
 Metaspace       used 155985K, capacity 177937K, committed 178176K, reserved 1198080K
  class space    used 23815K, capacity 29047K, committed 29184K, reserved 1048576K
Event: 399.205 GC heap after
Heap after GC invocations=252 (full 8):
 PSYoungGen      total 1319936K, used 26480K [0x000000076ab00000, 0x00000007bfb80000, 0x00000007c0000000)
  eden space 1250816K, 0% used [0x000000076ab00000,0x000000076ab00000,0x00000007b7080000)
  from space 69120K, 38% used [0x00000007bb800000,0x00000007bd1dc120,0x00000007bfb80000)
  to   space 71168K, 0% used [0x00000007b7080000,0x00000007b7080000,0x00000007bb600000)
 ParOldGen       total 2477056K, used 1899840K [0x00000006c0000000, 0x0000000757300000, 0x000000076ab00000)
  object space 2477056K, 76% used [0x00000006c0000000,0x0000000733f503e8,0x0000000757300000)
 Metaspace       used 155985K, capacity 177937K, committed 178176K, reserved 1198080K
  class space    used 23815K, capacity 29047K, committed 29184K, reserved 1048576K
}
Event: 402.955 GC heap before
{Heap before GC invocations=253 (full 8):
 PSYoungGen      total 1319936K, used 1277296K [0x000000076ab00000, 0x00000007bfb80000, 0x00000007c0000000)
  eden space 1250816K, 100% used [0x000000076ab00000,0x00000007b7080000,0x00000007b7080000)
  from space 69120K, 38% used [0x00000007bb800000,0x00000007bd1dc120,0x00000007bfb80000)
  to   space 71168K, 0% used [0x00000007b7080000,0x00000007b7080000,0x00000007bb600000)
 ParOldGen       total 2477056K, used 1899842K [0x00000006c0000000, 0x0000000757300000, 0x000000076ab00000)
  object space 2477056K, 76% used [0x00000006c0000000,0x0000000733f50b78,0x0000000757300000)
 Metaspace       used 156008K, capacity 177989K, committed 178176K, reserved 1198080K
  class space    used 23817K, capacity 29049K, committed 29184K, reserved 1048576K
Event: 402.986 GC heap after
Heap after GC invocations=253 (full 8):
 PSYoungGen      total 1321984K, used 71160K [0x000000076ab00000, 0x00000007c0000000, 0x00000007c0000000)
  eden space 1250816K, 0% used [0x000000076ab00000,0x000000076ab00000,0x00000007b7080000)
  from space 71168K, 99% used [0x00000007b7080000,0x00000007bb5fe2d8,0x00000007bb600000)
  to   space 75776K, 0% used [0x00000007bb600000,0x00000007bb600000,0x00000007c0000000)
 ParOldGen       total 2477056K, used 1937473K [0x00000006c0000000, 0x0000000757300000, 0x000000076ab00000)
  object space 2477056K, 78% used [0x00000006c0000000,0x00000007364105e8,0x0000000757300000)
 Metaspace       used 156008K, capacity 177989K, committed 178176K, reserved 1198080K
  class space    used 23817K, capacity 29049K, committed 29184K, reserved 1048576K
}
Event: 404.622 GC heap before
{Heap before GC invocations=254 (full 8):
 PSYoungGen      total 1321984K, used 1321976K [0x000000076ab00000, 0x00000007c0000000, 0x00000007c0000000)
  eden space 1250816K, 100% used [0x000000076ab00000,0x00000007b7080000,0x00000007b7080000)
  from space 71168K, 99% used [0x00000007b7080000,0x00000007bb5fe2d8,0x00000007bb600000)
  to   space 75776K, 0% used [0x00000007bb600000,0x00000007bb600000,0x00000007c0000000)
 ParOldGen       total 2477056K, used 1937766K [0x00000006c0000000, 0x0000000757300000, 0x000000076ab00000)
  object space 2477056K, 78% used [0x00000006c0000000,0x0000000736459828,0x0000000757300000)
 Metaspace       used 156023K, capacity 177997K, committed 178176K, reserved 1198080K
  class space    used 23817K, capacity 29049K, committed 29184K, reserved 1048576K
Event: 404.700 GC heap after
Heap after GC invocations=254 (full 8):
 PSYoungGen      total 1132544K, used 75752K [0x000000076ab00000, 0x00000007c0000000, 0x00000007c0000000)
  eden space 1056768K, 0% used [0x000000076ab00000,0x000000076ab00000,0x00000007ab300000)
  from space 75776K, 99% used [0x00000007bb600000,0x00000007bfffa340,0x00000007c0000000)
  to   space 170496K, 0% used [0x00000007ab300000,0x00000007ab300000,0x00000007b5980000)
 ParOldGen       total 2477056K, used 2124018K [0x00000006c0000000, 0x0000000757300000, 0x000000076ab00000)
  object space 2477056K, 85% used [0x00000006c0000000,0x0000000741a3c9a0,0x0000000757300000)
 Metaspace       used 156023K, capacity 177997K, committed 178176K, reserved 1198080K
  class space    used 23817K, capacity 29049K, committed 29184K, reserved 1048576K
}

